This is pdfTeX, Version 3.14159265-2.6-1.40.20 (TeX Live 2019/Debian) (preloaded format=pdflatex 2021.12.1)  1 DEC 2021 16:59
entering extended mode
 restricted \write18 enabled.
 %&-line parsing enabled.
**asr_ieeetrans.tex
(./asr_ieeetrans.tex
LaTeX2e <2020-02-02> patch level 2
L3 programming layer <2020-02-14> (./IEEEtran.cls
Document Class: IEEEtran 2015/08/26 V1.8b by Michael Shell
-- See the "IEEEtran_HOWTO" manual for usage information.
-- http://www.michaelshell.org/tex/ieeetran/
\@IEEEtrantmpdimenA=\dimen134
\@IEEEtrantmpdimenB=\dimen135
\@IEEEtrantmpdimenC=\dimen136
\@IEEEtrantmpcountA=\count167
\@IEEEtrantmpcountB=\count168
\@IEEEtrantmpcountC=\count169
\@IEEEtrantmptoksA=\toks14
LaTeX Font Info:    Trying to load font information for OT1+ptm on input line 5
03.
(/usr/share/texlive/texmf-dist/tex/latex/psnfss/ot1ptm.fd
File: ot1ptm.fd 2001/06/04 font definitions for OT1/ptm.
)
-- Using 8.5in x 11in (letter) paper.
-- Using PDF output.
\@IEEEnormalsizeunitybaselineskip=\dimen137
-- This is a 10 point document.
\CLASSINFOnormalsizebaselineskip=\dimen138
\CLASSINFOnormalsizeunitybaselineskip=\dimen139
\IEEEnormaljot=\dimen140
LaTeX Font Info:    Font shape `OT1/ptm/bx/n' in size <5> not available
(Font)              Font shape `OT1/ptm/b/n' tried instead on input line 1090.
LaTeX Font Info:    Font shape `OT1/ptm/bx/it' in size <5> not available
(Font)              Font shape `OT1/ptm/b/it' tried instead on input line 1090.

LaTeX Font Info:    Font shape `OT1/ptm/bx/n' in size <7> not available
(Font)              Font shape `OT1/ptm/b/n' tried instead on input line 1090.
LaTeX Font Info:    Font shape `OT1/ptm/bx/it' in size <7> not available
(Font)              Font shape `OT1/ptm/b/it' tried instead on input line 1090.

LaTeX Font Info:    Font shape `OT1/ptm/bx/n' in size <8> not available
(Font)              Font shape `OT1/ptm/b/n' tried instead on input line 1090.
LaTeX Font Info:    Font shape `OT1/ptm/bx/it' in size <8> not available
(Font)              Font shape `OT1/ptm/b/it' tried instead on input line 1090.

LaTeX Font Info:    Font shape `OT1/ptm/bx/n' in size <9> not available
(Font)              Font shape `OT1/ptm/b/n' tried instead on input line 1090.
LaTeX Font Info:    Font shape `OT1/ptm/bx/it' in size <9> not available
(Font)              Font shape `OT1/ptm/b/it' tried instead on input line 1090.

LaTeX Font Info:    Font shape `OT1/ptm/bx/n' in size <10> not available
(Font)              Font shape `OT1/ptm/b/n' tried instead on input line 1090.
LaTeX Font Info:    Font shape `OT1/ptm/bx/it' in size <10> not available
(Font)              Font shape `OT1/ptm/b/it' tried instead on input line 1090.

LaTeX Font Info:    Font shape `OT1/ptm/bx/n' in size <11> not available
(Font)              Font shape `OT1/ptm/b/n' tried instead on input line 1090.
LaTeX Font Info:    Font shape `OT1/ptm/bx/it' in size <11> not available
(Font)              Font shape `OT1/ptm/b/it' tried instead on input line 1090.

LaTeX Font Info:    Font shape `OT1/ptm/bx/n' in size <12> not available
(Font)              Font shape `OT1/ptm/b/n' tried instead on input line 1090.
LaTeX Font Info:    Font shape `OT1/ptm/bx/it' in size <12> not available
(Font)              Font shape `OT1/ptm/b/it' tried instead on input line 1090.

LaTeX Font Info:    Font shape `OT1/ptm/bx/n' in size <17> not available
(Font)              Font shape `OT1/ptm/b/n' tried instead on input line 1090.
LaTeX Font Info:    Font shape `OT1/ptm/bx/it' in size <17> not available
(Font)              Font shape `OT1/ptm/b/it' tried instead on input line 1090.

LaTeX Font Info:    Font shape `OT1/ptm/bx/n' in size <20> not available
(Font)              Font shape `OT1/ptm/b/n' tried instead on input line 1090.
LaTeX Font Info:    Font shape `OT1/ptm/bx/it' in size <20> not available
(Font)              Font shape `OT1/ptm/b/it' tried instead on input line 1090.

LaTeX Font Info:    Font shape `OT1/ptm/bx/n' in size <24> not available
(Font)              Font shape `OT1/ptm/b/n' tried instead on input line 1090.
LaTeX Font Info:    Font shape `OT1/ptm/bx/it' in size <24> not available
(Font)              Font shape `OT1/ptm/b/it' tried instead on input line 1090.

\IEEEquantizedlength=\dimen141
\IEEEquantizedlengthdiff=\dimen142
\IEEEquantizedtextheightdiff=\dimen143
\IEEEilabelindentA=\dimen144
\IEEEilabelindentB=\dimen145
\IEEEilabelindent=\dimen146
\IEEEelabelindent=\dimen147
\IEEEdlabelindent=\dimen148
\IEEElabelindent=\dimen149
\IEEEiednormlabelsep=\dimen150
\IEEEiedmathlabelsep=\dimen151
\IEEEiedtopsep=\skip47
\c@section=\count170
\c@subsection=\count171
\c@subsubsection=\count172
\c@paragraph=\count173
\c@IEEEsubequation=\count174
\abovecaptionskip=\skip48
\belowcaptionskip=\skip49
\c@figure=\count175
\c@table=\count176
\@IEEEeqnnumcols=\count177
\@IEEEeqncolcnt=\count178
\@IEEEsubeqnnumrollback=\count179
\@IEEEquantizeheightA=\dimen152
\@IEEEquantizeheightB=\dimen153
\@IEEEquantizeheightC=\dimen154
\@IEEEquantizeprevdepth=\dimen155
\@IEEEquantizemultiple=\count180
\@IEEEquantizeboxA=\box45
\@IEEEtmpitemindent=\dimen156
\IEEEPARstartletwidth=\dimen157
\c@IEEEbiography=\count181
\@IEEEtranrubishbin=\box46
) (/usr/share/texlive/texmf-dist/tex/latex/biblatex/biblatex.sty
Package: biblatex 2019/12/01 v3.14 programmable bibliographies (PK/MW)

(/usr/share/texlive/texmf-dist/tex/latex/pdftexcmds/pdftexcmds.sty
Package: pdftexcmds 2019/11/24 v0.31 Utility functions of pdfTeX for LuaTeX (HO
)

(/usr/share/texlive/texmf-dist/tex/generic/infwarerr/infwarerr.sty
Package: infwarerr 2019/12/03 v1.5 Providing info/warning/error messages (HO)
)
(/usr/share/texlive/texmf-dist/tex/generic/iftex/iftex.sty
Package: iftex 2019/11/07 v1.0c TeX engine tests
)
(/usr/share/texlive/texmf-dist/tex/generic/ltxcmds/ltxcmds.sty
Package: ltxcmds 2019/12/15 v1.24 LaTeX kernel commands for general use (HO)
)
Package pdftexcmds Info: \pdf@primitive is available.
Package pdftexcmds Info: \pdf@ifprimitive is available.
Package pdftexcmds Info: \pdfdraftmode found.
)
(/usr/share/texlive/texmf-dist/tex/latex/etoolbox/etoolbox.sty
Package: etoolbox 2019/09/21 v2.5h e-TeX tools for LaTeX (JAW)
\etb@tempcnta=\count182
)
(/usr/share/texlive/texmf-dist/tex/latex/graphics/keyval.sty
Package: keyval 2014/10/28 v1.15 key=value parser (DPC)
\KV@toks@=\toks15
)
(/usr/share/texlive/texmf-dist/tex/latex/kvoptions/kvoptions.sty
Package: kvoptions 2019/11/29 v3.13 Key value format for package options (HO)

(/usr/share/texlive/texmf-dist/tex/generic/kvsetkeys/kvsetkeys.sty
Package: kvsetkeys 2019/12/15 v1.18 Key value parser (HO)
))
(/usr/share/texlive/texmf-dist/tex/latex/logreq/logreq.sty
Package: logreq 2010/08/04 v1.0 xml request logger
\lrq@indent=\count183

(/usr/share/texlive/texmf-dist/tex/latex/logreq/logreq.def
File: logreq.def 2010/08/04 v1.0 logreq spec v1.0
))
(/usr/share/texlive/texmf-dist/tex/latex/base/ifthen.sty
Package: ifthen 2014/09/29 v1.1c Standard LaTeX ifthen package (DPC)
)
(/usr/share/texlive/texmf-dist/tex/latex/url/url.sty
\Urlmuskip=\muskip16
Package: url 2013/09/16  ver 3.4  Verb mode for urls, etc.
)
\c@tabx@nest=\count184
\c@listtotal=\count185
\c@listcount=\count186
\c@liststart=\count187
\c@liststop=\count188
\c@citecount=\count189
\c@citetotal=\count190
\c@multicitecount=\count191
\c@multicitetotal=\count192
\c@instcount=\count193
\c@maxnames=\count194
\c@minnames=\count195
\c@maxitems=\count196
\c@minitems=\count197
\c@citecounter=\count198
\c@maxcitecounter=\count199
\c@savedcitecounter=\count266
\c@uniquelist=\count267
\c@uniquename=\count268
\c@refsection=\count269
\c@refsegment=\count270
\c@maxextratitle=\count271
\c@maxextratitleyear=\count272
\c@maxextraname=\count273
\c@maxextradate=\count274
\c@maxextraalpha=\count275
\c@abbrvpenalty=\count276
\c@highnamepenalty=\count277
\c@lownamepenalty=\count278
\c@maxparens=\count279
\c@parenlevel=\count280
\blx@tempcnta=\count281
\blx@tempcntb=\count282
\blx@tempcntc=\count283
\blx@maxsection=\count284
\blx@maxsegment@0=\count285
\blx@notetype=\count286
\blx@parenlevel@text=\count287
\blx@parenlevel@foot=\count288
\blx@sectionciteorder@0=\count289
\blx@entrysetcounter=\count290
\labelnumberwidth=\skip50
\labelalphawidth=\skip51
\biblabelsep=\skip52
\bibitemsep=\skip53
\bibnamesep=\skip54
\bibinitsep=\skip55
\bibparsep=\skip56
\bibhang=\skip57
\blx@bcfin=\read2
\blx@bcfout=\write3
\blx@langwohyphens=\language3
\c@mincomprange=\count291
\c@maxcomprange=\count292
\c@mincompwidth=\count293
Package biblatex Info: Trying to load biblatex default data model...
Package biblatex Info: ... file 'blx-dm.def' found.

(/usr/share/texlive/texmf-dist/tex/latex/biblatex/blx-dm.def
File: blx-dm.def 2019/12/01 v3.14 biblatex localization (PK/MW)
)
Package biblatex Info: Trying to load biblatex custom data model...
Package biblatex Info: ... file 'biblatex-dm.cfg' not found.
\c@afterword=\count294
\c@savedafterword=\count295
\c@annotator=\count296
\c@savedannotator=\count297
\c@author=\count298
\c@savedauthor=\count299
\c@bookauthor=\count300
\c@savedbookauthor=\count301
\c@commentator=\count302
\c@savedcommentator=\count303
\c@editor=\count304
\c@savededitor=\count305
\c@editora=\count306
\c@savededitora=\count307
\c@editorb=\count308
\c@savededitorb=\count309
\c@editorc=\count310
\c@savededitorc=\count311
\c@foreword=\count312
\c@savedforeword=\count313
\c@holder=\count314
\c@savedholder=\count315
\c@introduction=\count316
\c@savedintroduction=\count317
\c@namea=\count318
\c@savednamea=\count319
\c@nameb=\count320
\c@savednameb=\count321
\c@namec=\count322
\c@savednamec=\count323
\c@translator=\count324
\c@savedtranslator=\count325
\c@shortauthor=\count326
\c@savedshortauthor=\count327
\c@shorteditor=\count328
\c@savedshorteditor=\count329
\c@labelname=\count330
\c@savedlabelname=\count331
\c@institution=\count332
\c@savedinstitution=\count333
\c@lista=\count334
\c@savedlista=\count335
\c@listb=\count336
\c@savedlistb=\count337
\c@listc=\count338
\c@savedlistc=\count339
\c@listd=\count340
\c@savedlistd=\count341
\c@liste=\count342
\c@savedliste=\count343
\c@listf=\count344
\c@savedlistf=\count345
\c@location=\count346
\c@savedlocation=\count347
\c@organization=\count348
\c@savedorganization=\count349
\c@origlocation=\count350
\c@savedoriglocation=\count351
\c@origpublisher=\count352
\c@savedorigpublisher=\count353
\c@publisher=\count354
\c@savedpublisher=\count355
\c@language=\count356
\c@savedlanguage=\count357
\c@origlanguage=\count358
\c@savedoriglanguage=\count359
\c@pageref=\count360
\c@savedpageref=\count361
\shorthandwidth=\skip58
\shortjournalwidth=\skip59
\shortserieswidth=\skip60
\shorttitlewidth=\skip61
\shortauthorwidth=\skip62
\shorteditorwidth=\skip63
\locallabelnumberwidth=\skip64
\locallabelalphawidth=\skip65
\localshorthandwidth=\skip66
\localshortjournalwidth=\skip67
\localshortserieswidth=\skip68
\localshorttitlewidth=\skip69
\localshortauthorwidth=\skip70
\localshorteditorwidth=\skip71
Package biblatex Info: Trying to load compatibility code...
Package biblatex Info: ... file 'blx-compat.def' found.

(/usr/share/texlive/texmf-dist/tex/latex/biblatex/blx-compat.def
File: blx-compat.def 2019/12/01 v3.14 biblatex compatibility (PK/MW)
)
Package biblatex Info: Trying to load generic definitions...
Package biblatex Info: ... file 'biblatex.def' found.

(/usr/share/texlive/texmf-dist/tex/latex/biblatex/biblatex.def
File: biblatex.def 2019/12/01 v3.14 biblatex compatibility (PK/MW)
\c@textcitecount=\count362
\c@textcitetotal=\count363
\c@textcitemaxnames=\count364
\c@biburlbigbreakpenalty=\count365
\c@biburlbreakpenalty=\count366
\c@biburlnumpenalty=\count367
\c@biburlucpenalty=\count368
\c@biburllcpenalty=\count369
\biburlbigskip=\muskip17
\biburlnumskip=\muskip18
\biburlucskip=\muskip19
\biburllcskip=\muskip20
\c@smartand=\count370
)
Package biblatex Info: Trying to load bibliography style 'numeric'...
Package biblatex Info: ... file 'numeric.bbx' found.

(/usr/share/texlive/texmf-dist/tex/latex/biblatex/bbx/numeric.bbx
File: numeric.bbx 2019/12/01 v3.14 biblatex bibliography style (PK/MW)
Package biblatex Info: Trying to load bibliography style 'standard'...
Package biblatex Info: ... file 'standard.bbx' found.

(/usr/share/texlive/texmf-dist/tex/latex/biblatex/bbx/standard.bbx
File: standard.bbx 2019/12/01 v3.14 biblatex bibliography style (PK/MW)
\c@bbx:relatedcount=\count371
\c@bbx:relatedtotal=\count372
))
Package biblatex Info: Trying to load citation style 'numeric'...
Package biblatex Info: ... file 'numeric.cbx' found.

(/usr/share/texlive/texmf-dist/tex/latex/biblatex/cbx/numeric.cbx
File: numeric.cbx 2019/12/01 v3.14 biblatex citation style (PK/MW)
Package biblatex Info: Redefining '\cite'.
Package biblatex Info: Redefining '\parencite'.
Package biblatex Info: Redefining '\footcite'.
Package biblatex Info: Redefining '\footcitetext'.
Package biblatex Info: Redefining '\smartcite'.
Package biblatex Info: Redefining '\supercite'.
Package biblatex Info: Redefining '\textcite'.
Package biblatex Info: Redefining '\textcites'.
Package biblatex Info: Redefining '\cites'.
Package biblatex Info: Redefining '\parencites'.
Package biblatex Info: Redefining '\smartcites'.
)
Package biblatex Info: Trying to load configuration file...
Package biblatex Info: ... file 'biblatex.cfg' found.

(/usr/share/texlive/texmf-dist/tex/latex/biblatex/biblatex.cfg
File: biblatex.cfg 
)

Package biblatex Warning: 'firstinits' option is deprecated.
(biblatex)                Please use 'giveninits' instead.

) (/usr/share/texlive/texmf-dist/tex/latex/tools/array.sty
Package: array 2019/08/31 v2.4l Tabular extension package (FMi)
\col@sep=\dimen158
\ar@mcellbox=\box47
\extrarowheight=\dimen159
\NC@list=\toks16
\extratabsurround=\skip72
\backup@length=\skip73
\ar@cellbox=\box48
)
(/usr/share/texlive/texmf-dist/tex/latex/graphics/graphicx.sty
Package: graphicx 2019/11/30 v1.2a Enhanced LaTeX Graphics (DPC,SPQR)

(/usr/share/texlive/texmf-dist/tex/latex/graphics/graphics.sty
Package: graphics 2019/11/30 v1.4a Standard LaTeX Graphics (DPC,SPQR)

(/usr/share/texlive/texmf-dist/tex/latex/graphics/trig.sty
Package: trig 2016/01/03 v1.10 sin cos tan (DPC)
)
(/usr/share/texlive/texmf-dist/tex/latex/graphics-cfg/graphics.cfg
File: graphics.cfg 2016/06/04 v1.11 sample graphics configuration
)
Package graphics Info: Driver file: pdftex.def on input line 105.

(/usr/share/texlive/texmf-dist/tex/latex/graphics-def/pdftex.def
File: pdftex.def 2018/01/08 v1.0l Graphics/color driver for pdftex
))
\Gin@req@height=\dimen160
\Gin@req@width=\dimen161
)
(/usr/share/texlive/texmf-dist/tex/latex/amsmath/amsmath.sty
Package: amsmath 2020/01/20 v2.17e AMS math features
\@mathmargin=\skip74

For additional information on amsmath, use the `?' option.
(/usr/share/texlive/texmf-dist/tex/latex/amsmath/amstext.sty
Package: amstext 2000/06/29 v2.01 AMS text

(/usr/share/texlive/texmf-dist/tex/latex/amsmath/amsgen.sty
File: amsgen.sty 1999/11/30 v2.0 generic functions
\@emptytoks=\toks17
\ex@=\dimen162
))
(/usr/share/texlive/texmf-dist/tex/latex/amsmath/amsbsy.sty
Package: amsbsy 1999/11/29 v1.2d Bold Symbols
\pmbraise@=\dimen163
)
(/usr/share/texlive/texmf-dist/tex/latex/amsmath/amsopn.sty
Package: amsopn 2016/03/08 v2.02 operator names
)
\inf@bad=\count373
LaTeX Info: Redefining \frac on input line 227.
\uproot@=\count374
\leftroot@=\count375
LaTeX Info: Redefining \overline on input line 389.
\classnum@=\count376
\DOTSCASE@=\count377
LaTeX Info: Redefining \ldots on input line 486.
LaTeX Info: Redefining \dots on input line 489.
LaTeX Info: Redefining \cdots on input line 610.
\Mathstrutbox@=\box49
\strutbox@=\box50
\big@size=\dimen164
LaTeX Font Info:    Redeclaring font encoding OML on input line 733.
LaTeX Font Info:    Redeclaring font encoding OMS on input line 734.
\macc@depth=\count378
\c@MaxMatrixCols=\count379
\dotsspace@=\muskip21
\c@parentequation=\count380
\dspbrk@lvl=\count381
\tag@help=\toks18
\row@=\count382
\column@=\count383
\maxfields@=\count384
\andhelp@=\toks19
\eqnshift@=\dimen165
\alignsep@=\dimen166
\tagshift@=\dimen167
\tagwidth@=\dimen168
\totwidth@=\dimen169
\lineht@=\dimen170
\@envbody=\toks20
\multlinegap=\skip75
\multlinetaggap=\skip76
\mathdisplay@stack=\toks21
LaTeX Info: Redefining \[ on input line 2859.
LaTeX Info: Redefining \] on input line 2860.
)
(/usr/share/texlive/texmf-dist/tex/latex/amsfonts/amssymb.sty
Package: amssymb 2013/01/14 v3.01 AMS font symbols

(/usr/share/texlive/texmf-dist/tex/latex/amsfonts/amsfonts.sty
Package: amsfonts 2013/01/14 v3.01 Basic AMSFonts support
\symAMSa=\mathgroup4
\symAMSb=\mathgroup5
LaTeX Font Info:    Redeclaring math symbol \hbar on input line 98.
LaTeX Font Info:    Overwriting math alphabet `\mathfrak' in version `bold'
(Font)                  U/euf/m/n --> U/euf/b/n on input line 106.
))
(/usr/share/texlive/texmf-dist/tex/latex/graphics/color.sty
Package: color 2019/11/23 v1.2a Standard LaTeX Color (DPC)

(/usr/share/texlive/texmf-dist/tex/latex/graphics-cfg/color.cfg
File: color.cfg 2016/01/02 v1.6 sample color configuration
)
Package color Info: Driver file: pdftex.def on input line 147.
)
(/usr/share/texlive/texmf-dist/tex/latex/threeparttable/threeparttable.sty
Package: threeparttable 2003/06/13  v 3.0
\@tempboxb=\box51
)
(/usr/share/texlive/texmf-dist/tex/latex/preprint/balance.sty
Package: balance 1999/02/23 4.3 (PWD)
\oldvsize=\dimen171
)
(/usr/share/texlive/texmf-dist/tex/latex/hyperref/hyperref.sty
Package: hyperref 2020/01/14 v7.00d Hypertext links for LaTeX

(/usr/share/texlive/texmf-dist/tex/generic/kvdefinekeys/kvdefinekeys.sty
Package: kvdefinekeys 2019-12-19 v1.6 Define keys (HO)
)
(/usr/share/texlive/texmf-dist/tex/generic/pdfescape/pdfescape.sty
Package: pdfescape 2019/12/09 v1.15 Implements pdfTeX's escape features (HO)
)
(/usr/share/texlive/texmf-dist/tex/latex/hycolor/hycolor.sty
Package: hycolor 2020-01-27 v1.10 Color options for hyperref/bookmark (HO)
)
(/usr/share/texlive/texmf-dist/tex/latex/letltxmacro/letltxmacro.sty
Package: letltxmacro 2019/12/03 v1.6 Let assignment for LaTeX macros (HO)
)
(/usr/share/texlive/texmf-dist/tex/latex/auxhook/auxhook.sty
Package: auxhook 2019-12-17 v1.6 Hooks for auxiliary files (HO)
)
\@linkdim=\dimen172
\Hy@linkcounter=\count385
\Hy@pagecounter=\count386

(/usr/share/texlive/texmf-dist/tex/latex/hyperref/pd1enc.def
File: pd1enc.def 2020/01/14 v7.00d Hyperref: PDFDocEncoding definition (HO)
Now handling font encoding PD1 ...
... no UTF-8 mapping file for font encoding PD1
)
(/usr/share/texlive/texmf-dist/tex/generic/intcalc/intcalc.sty
Package: intcalc 2019/12/15 v1.3 Expandable calculations with integers (HO)
)
(/usr/share/texlive/texmf-dist/tex/generic/etexcmds/etexcmds.sty
Package: etexcmds 2019/12/15 v1.7 Avoid name clashes with e-TeX commands (HO)
)
\Hy@SavedSpaceFactor=\count387
\pdfmajorversion=\count388
Package hyperref Info: Hyper figures OFF on input line 4547.
Package hyperref Info: Link nesting OFF on input line 4552.
Package hyperref Info: Hyper index ON on input line 4555.
Package hyperref Info: Plain pages OFF on input line 4562.
Package hyperref Info: Backreferencing OFF on input line 4567.
Package hyperref Info: Implicit mode ON; LaTeX internals redefined.
Package hyperref Info: Bookmarks ON on input line 4800.
\c@Hy@tempcnt=\count389
LaTeX Info: Redefining \url on input line 5159.
\XeTeXLinkMargin=\dimen173

(/usr/share/texlive/texmf-dist/tex/generic/bitset/bitset.sty
Package: bitset 2019/12/09 v1.3 Handle bit-vector datatype (HO)

(/usr/share/texlive/texmf-dist/tex/generic/bigintcalc/bigintcalc.sty
Package: bigintcalc 2019/12/15 v1.5 Expandable calculations on big integers (HO
)
))
\Fld@menulength=\count390
\Field@Width=\dimen174
\Fld@charsize=\dimen175
Package hyperref Info: Hyper figures OFF on input line 6430.
Package hyperref Info: Link nesting OFF on input line 6435.
Package hyperref Info: Hyper index ON on input line 6438.
Package hyperref Info: backreferencing OFF on input line 6445.
Package hyperref Info: Link coloring OFF on input line 6450.
Package hyperref Info: Link coloring with OCG OFF on input line 6455.
Package hyperref Info: PDF/A mode OFF on input line 6460.
LaTeX Info: Redefining \ref on input line 6500.
LaTeX Info: Redefining \pageref on input line 6504.

(/usr/share/texlive/texmf-dist/tex/generic/atbegshi/atbegshi.sty
Package: atbegshi 2019/12/05 v1.19 At begin shipout hook (HO)
)
\Hy@abspage=\count391
\c@Item=\count392
\c@Hfootnote=\count393
)
Package hyperref Info: Driver (autodetected): hpdftex.

(/usr/share/texlive/texmf-dist/tex/latex/hyperref/hpdftex.def
File: hpdftex.def 2020/01/14 v7.00d Hyperref driver for pdfTeX

(/usr/share/texlive/texmf-dist/tex/latex/atveryend/atveryend.sty
Package: atveryend 2019-12-11 v1.11 Hooks at the very end of document (HO)
)
\Fld@listcount=\count394
\c@bookmark@seq@number=\count395

(/usr/share/texlive/texmf-dist/tex/latex/rerunfilecheck/rerunfilecheck.sty
Package: rerunfilecheck 2019/12/05 v1.9 Rerun checks for auxiliary files (HO)

(/usr/share/texlive/texmf-dist/tex/generic/uniquecounter/uniquecounter.sty
Package: uniquecounter 2019/12/15 v1.4 Provide unlimited unique counter (HO)
)
Package uniquecounter Info: New unique counter `rerunfilecheck' on input line 2
86.
)
\Hy@SectionHShift=\skip77
)
(/usr/share/texlive/texmf-dist/tex/latex/caption/subcaption.sty
Package: subcaption 2020/01/22 v1.3d Sub-captions (AR)

(/usr/share/texlive/texmf-dist/tex/latex/caption/caption.sty
Package: caption 2020/01/03 v3.4h Customizing captions (AR)

(/usr/share/texlive/texmf-dist/tex/latex/caption/caption3.sty
Package: caption3 2020/01/03 v1.8h caption3 kernel (AR)
Package caption3 Info: TeX engine: e-TeX on input line 61.
\captionmargin=\dimen176
\captionmargin@=\dimen177
\captionwidth=\dimen178
\caption@tempdima=\dimen179
\caption@indent=\dimen180
\caption@parindent=\dimen181
\caption@hangindent=\dimen182
Package caption Info: Unknown document class (or package),
(caption)             standard defaults will be used.
Package caption Info: \@makecaption = \long macro:#1#2->\ifx \@captype \@IEEEta
blestring \footnotesize \bgroup \par \centering \@IEEEtabletopskipstrut {\norma
lfont \footnotesize #1}\\{\normalfont \footnotesize \scshape #2}\par \addvspace
 {0.5\baselineskip }\egroup \@IEEEtablecaptionsepspace \else \@IEEEfigurecaptio
nsepspace \setbox \@tempboxa \hbox {\normalfont \footnotesize {#1.}\nobreakspac
e \nobreakspace #2}\ifdim \wd \@tempboxa >\hsize \setbox \@tempboxa \hbox {\nor
malfont \footnotesize {#1.}\nobreakspace \nobreakspace }\parbox [t]{\hsize }{\n
ormalfont \footnotesize \noindent \unhbox \@tempboxa #2}\else \ifCLASSOPTIONcon
ference \hbox to\hsize {\normalfont \footnotesize \hfil \box \@tempboxa \hfil }
\else \hbox to\hsize {\normalfont \footnotesize \box \@tempboxa \hfil }\fi \fi 
\fi  on input line 1082.
)

Package caption Warning: Unknown document class (or package),
(caption)                standard defaults will be used.
See the caption package documentation for explanation.

\c@caption@flags=\count396
\c@continuedfloat=\count397
Package caption Info: hyperref package is loaded.
Package caption Info: threeparttable package is loaded.
)
\c@subfigure=\count398
\c@subtable=\count399
) (/usr/share/texlive/texmf-dist/tex/latex/dblfloatfix/dblfloatfix.sty
Package: dblfloatfix 2012/12/31 v1.0a (JAW)

(/usr/share/texlive/texmf-dist/tex/latex/base/fixltx2e.sty
Package: fixltx2e 2016/12/29 v2.1a fixes to LaTeX (obsolete)
Applying: [2015/01/01] Old fixltx2e package on input line 46.


Package fixltx2e Warning: fixltx2e is not required with releases after 2015
(fixltx2e)                All fixes are now in the LaTeX kernel.
(fixltx2e)                See the latexrelease package for details.

Already applied: [0000/00/00] Old fixltx2e package on input line 53.
)
\@dblbotnum=\count400
\c@dblbotnumber=\count401
) (/usr/share/texlive/texmf-dist/tex/latex/booktabs/booktabs.sty
Package: booktabs 2020/01/12 v1.61803398 Publication quality tables
\heavyrulewidth=\dimen183
\lightrulewidth=\dimen184
\cmidrulewidth=\dimen185
\belowrulesep=\dimen186
\belowbottomsep=\dimen187
\aboverulesep=\dimen188
\abovetopsep=\dimen189
\cmidrulesep=\dimen190
\cmidrulekern=\dimen191
\defaultaddspace=\dimen192
\@cmidla=\count402
\@cmidlb=\count403
\@aboverulesep=\dimen193
\@belowrulesep=\dimen194
\@thisruleclass=\count404
\@lastruleclass=\count405
\@thisrulewidth=\dimen195
)
(/usr/share/texlive/texmf-dist/tex/latex/preprint/authblk.sty
Package: authblk 2001/02/27 1.3 (PWD)
\affilsep=\skip78
\@affilsep=\skip79
\c@Maxaffil=\count406
\c@authors=\count407
\c@affil=\count408
)
(/usr/share/texlive/texmf-dist/tex/latex/todonotes/todonotes.sty
Package: todonotes 2019/01/24 v1.1.2 Todonotes source and documentation.
Package: todonotes 2018/11/22

(/usr/share/texlive/texmf-dist/tex/latex/xkeyval/xkeyval.sty
Package: xkeyval 2014/12/03 v2.7a package option processing (HA)

(/usr/share/texlive/texmf-dist/tex/generic/xkeyval/xkeyval.tex
(/usr/share/texlive/texmf-dist/tex/generic/xkeyval/xkvutils.tex
\XKV@toks=\toks22
\XKV@tempa@toks=\toks23
)
\XKV@depth=\count409
File: xkeyval.tex 2014/12/03 v2.7a key=value parser (HA)
))
(/usr/share/texlive/texmf-dist/tex/latex/xcolor/xcolor.sty
Package: xcolor 2016/05/11 v2.12 LaTeX color extensions (UK)

(/usr/share/texlive/texmf-dist/tex/latex/graphics-cfg/color.cfg
File: color.cfg 2016/01/02 v1.6 sample color configuration
)
Package xcolor Info: Driver file: pdftex.def on input line 225.
LaTeX Info: Redefining \color on input line 709.
Package xcolor Info: Model `cmy' substituted by `cmy0' on input line 1348.
Package xcolor Info: Model `hsb' substituted by `rgb' on input line 1352.
Package xcolor Info: Model `RGB' extended on input line 1364.
Package xcolor Info: Model `HTML' substituted by `rgb' on input line 1366.
Package xcolor Info: Model `Hsb' substituted by `hsb' on input line 1367.
Package xcolor Info: Model `tHsb' substituted by `hsb' on input line 1368.
Package xcolor Info: Model `HSB' substituted by `hsb' on input line 1369.
Package xcolor Info: Model `Gray' substituted by `gray' on input line 1370.
Package xcolor Info: Model `wave' substituted by `hsb' on input line 1371.
)
(/usr/share/texlive/texmf-dist/tex/latex/pgf/frontendlayer/tikz.sty
(/usr/share/texlive/texmf-dist/tex/latex/pgf/basiclayer/pgf.sty
(/usr/share/texlive/texmf-dist/tex/latex/pgf/utilities/pgfrcs.sty
(/usr/share/texlive/texmf-dist/tex/generic/pgf/utilities/pgfutil-common.tex
\pgfutil@everybye=\toks24
\pgfutil@tempdima=\dimen196
\pgfutil@tempdimb=\dimen197

(/usr/share/texlive/texmf-dist/tex/generic/pgf/utilities/pgfutil-common-lists.t
ex)) (/usr/share/texlive/texmf-dist/tex/generic/pgf/utilities/pgfutil-latex.def
\pgfutil@abb=\box52
(/usr/share/texlive/texmf-dist/tex/latex/ms/everyshi.sty
Package: everyshi 2001/05/15 v3.00 EveryShipout Package (MS)
))
(/usr/share/texlive/texmf-dist/tex/generic/pgf/utilities/pgfrcs.code.tex
(/usr/share/texlive/texmf-dist/tex/generic/pgf/pgf.revision.tex)
Package: pgfrcs 2020/01/08 v3.1.5b (3.1.5b)
))
Package: pgf 2020/01/08 v3.1.5b (3.1.5b)

(/usr/share/texlive/texmf-dist/tex/latex/pgf/basiclayer/pgfcore.sty
(/usr/share/texlive/texmf-dist/tex/latex/pgf/systemlayer/pgfsys.sty
(/usr/share/texlive/texmf-dist/tex/generic/pgf/systemlayer/pgfsys.code.tex
Package: pgfsys 2020/01/08 v3.1.5b (3.1.5b)

(/usr/share/texlive/texmf-dist/tex/generic/pgf/utilities/pgfkeys.code.tex
\pgfkeys@pathtoks=\toks25
\pgfkeys@temptoks=\toks26

(/usr/share/texlive/texmf-dist/tex/generic/pgf/utilities/pgfkeysfiltered.code.t
ex
\pgfkeys@tmptoks=\toks27
))
\pgf@x=\dimen198
\pgf@y=\dimen199
\pgf@xa=\dimen256
\pgf@ya=\dimen257
\pgf@xb=\dimen258
\pgf@yb=\dimen259
\pgf@xc=\dimen260
\pgf@yc=\dimen261
\pgf@xd=\dimen262
\pgf@yd=\dimen263
\w@pgf@writea=\write4
\r@pgf@reada=\read3
\c@pgf@counta=\count410
\c@pgf@countb=\count411
\c@pgf@countc=\count412
\c@pgf@countd=\count413
\t@pgf@toka=\toks28
\t@pgf@tokb=\toks29
\t@pgf@tokc=\toks30
\pgf@sys@id@count=\count414
 (/usr/share/texlive/texmf-dist/tex/generic/pgf/systemlayer/pgf.cfg
File: pgf.cfg 2020/01/08 v3.1.5b (3.1.5b)
)
Driver file for pgf: pgfsys-pdftex.def

(/usr/share/texlive/texmf-dist/tex/generic/pgf/systemlayer/pgfsys-pdftex.def
File: pgfsys-pdftex.def 2020/01/08 v3.1.5b (3.1.5b)

(/usr/share/texlive/texmf-dist/tex/generic/pgf/systemlayer/pgfsys-common-pdf.de
f
File: pgfsys-common-pdf.def 2020/01/08 v3.1.5b (3.1.5b)
)))
(/usr/share/texlive/texmf-dist/tex/generic/pgf/systemlayer/pgfsyssoftpath.code.
tex
File: pgfsyssoftpath.code.tex 2020/01/08 v3.1.5b (3.1.5b)
\pgfsyssoftpath@smallbuffer@items=\count415
\pgfsyssoftpath@bigbuffer@items=\count416
)
(/usr/share/texlive/texmf-dist/tex/generic/pgf/systemlayer/pgfsysprotocol.code.
tex
File: pgfsysprotocol.code.tex 2020/01/08 v3.1.5b (3.1.5b)
))
(/usr/share/texlive/texmf-dist/tex/generic/pgf/basiclayer/pgfcore.code.tex
Package: pgfcore 2020/01/08 v3.1.5b (3.1.5b)

(/usr/share/texlive/texmf-dist/tex/generic/pgf/math/pgfmath.code.tex
(/usr/share/texlive/texmf-dist/tex/generic/pgf/math/pgfmathcalc.code.tex
(/usr/share/texlive/texmf-dist/tex/generic/pgf/math/pgfmathutil.code.tex)
(/usr/share/texlive/texmf-dist/tex/generic/pgf/math/pgfmathparser.code.tex
\pgfmath@dimen=\dimen264
\pgfmath@count=\count417
\pgfmath@box=\box53
\pgfmath@toks=\toks31
\pgfmath@stack@operand=\toks32
\pgfmath@stack@operation=\toks33
)
(/usr/share/texlive/texmf-dist/tex/generic/pgf/math/pgfmathfunctions.code.tex
(/usr/share/texlive/texmf-dist/tex/generic/pgf/math/pgfmathfunctions.basic.code
.tex)
(/usr/share/texlive/texmf-dist/tex/generic/pgf/math/pgfmathfunctions.trigonomet
ric.code.tex)
(/usr/share/texlive/texmf-dist/tex/generic/pgf/math/pgfmathfunctions.random.cod
e.tex)
(/usr/share/texlive/texmf-dist/tex/generic/pgf/math/pgfmathfunctions.comparison
.code.tex)
(/usr/share/texlive/texmf-dist/tex/generic/pgf/math/pgfmathfunctions.base.code.
tex)
(/usr/share/texlive/texmf-dist/tex/generic/pgf/math/pgfmathfunctions.round.code
.tex)
(/usr/share/texlive/texmf-dist/tex/generic/pgf/math/pgfmathfunctions.misc.code.
tex)
(/usr/share/texlive/texmf-dist/tex/generic/pgf/math/pgfmathfunctions.integerari
thmetics.code.tex)))
(/usr/share/texlive/texmf-dist/tex/generic/pgf/math/pgfmathfloat.code.tex
\c@pgfmathroundto@lastzeros=\count418
))
(/usr/share/texlive/texmf-dist/tex/generic/pgf/math/pgfint.code.tex)
(/usr/share/texlive/texmf-dist/tex/generic/pgf/basiclayer/pgfcorepoints.code.te
x
File: pgfcorepoints.code.tex 2020/01/08 v3.1.5b (3.1.5b)
\pgf@picminx=\dimen265
\pgf@picmaxx=\dimen266
\pgf@picminy=\dimen267
\pgf@picmaxy=\dimen268
\pgf@pathminx=\dimen269
\pgf@pathmaxx=\dimen270
\pgf@pathminy=\dimen271
\pgf@pathmaxy=\dimen272
\pgf@xx=\dimen273
\pgf@xy=\dimen274
\pgf@yx=\dimen275
\pgf@yy=\dimen276
\pgf@zx=\dimen277
\pgf@zy=\dimen278
)
(/usr/share/texlive/texmf-dist/tex/generic/pgf/basiclayer/pgfcorepathconstruct.
code.tex
File: pgfcorepathconstruct.code.tex 2020/01/08 v3.1.5b (3.1.5b)
\pgf@path@lastx=\dimen279
\pgf@path@lasty=\dimen280
)
(/usr/share/texlive/texmf-dist/tex/generic/pgf/basiclayer/pgfcorepathusage.code
.tex
File: pgfcorepathusage.code.tex 2020/01/08 v3.1.5b (3.1.5b)
\pgf@shorten@end@additional=\dimen281
\pgf@shorten@start@additional=\dimen282
)
(/usr/share/texlive/texmf-dist/tex/generic/pgf/basiclayer/pgfcorescopes.code.te
x
File: pgfcorescopes.code.tex 2020/01/08 v3.1.5b (3.1.5b)
\pgfpic=\box54
\pgf@hbox=\box55
\pgf@layerbox@main=\box56
\pgf@picture@serial@count=\count419
)
(/usr/share/texlive/texmf-dist/tex/generic/pgf/basiclayer/pgfcoregraphicstate.c
ode.tex
File: pgfcoregraphicstate.code.tex 2020/01/08 v3.1.5b (3.1.5b)
\pgflinewidth=\dimen283
)
(/usr/share/texlive/texmf-dist/tex/generic/pgf/basiclayer/pgfcoretransformation
s.code.tex
File: pgfcoretransformations.code.tex 2020/01/08 v3.1.5b (3.1.5b)
\pgf@pt@x=\dimen284
\pgf@pt@y=\dimen285
\pgf@pt@temp=\dimen286
)
(/usr/share/texlive/texmf-dist/tex/generic/pgf/basiclayer/pgfcorequick.code.tex
File: pgfcorequick.code.tex 2020/01/08 v3.1.5b (3.1.5b)
)
(/usr/share/texlive/texmf-dist/tex/generic/pgf/basiclayer/pgfcoreobjects.code.t
ex
File: pgfcoreobjects.code.tex 2020/01/08 v3.1.5b (3.1.5b)
)
(/usr/share/texlive/texmf-dist/tex/generic/pgf/basiclayer/pgfcorepathprocessing
.code.tex
File: pgfcorepathprocessing.code.tex 2020/01/08 v3.1.5b (3.1.5b)
)
(/usr/share/texlive/texmf-dist/tex/generic/pgf/basiclayer/pgfcorearrows.code.te
x
File: pgfcorearrows.code.tex 2020/01/08 v3.1.5b (3.1.5b)
\pgfarrowsep=\dimen287
)
(/usr/share/texlive/texmf-dist/tex/generic/pgf/basiclayer/pgfcoreshade.code.tex
File: pgfcoreshade.code.tex 2020/01/08 v3.1.5b (3.1.5b)
\pgf@max=\dimen288
\pgf@sys@shading@range@num=\count420
\pgf@shadingcount=\count421
)
(/usr/share/texlive/texmf-dist/tex/generic/pgf/basiclayer/pgfcoreimage.code.tex
File: pgfcoreimage.code.tex 2020/01/08 v3.1.5b (3.1.5b)

(/usr/share/texlive/texmf-dist/tex/generic/pgf/basiclayer/pgfcoreexternal.code.
tex
File: pgfcoreexternal.code.tex 2020/01/08 v3.1.5b (3.1.5b)
\pgfexternal@startupbox=\box57
))
(/usr/share/texlive/texmf-dist/tex/generic/pgf/basiclayer/pgfcorelayers.code.te
x
File: pgfcorelayers.code.tex 2020/01/08 v3.1.5b (3.1.5b)
)
(/usr/share/texlive/texmf-dist/tex/generic/pgf/basiclayer/pgfcoretransparency.c
ode.tex
File: pgfcoretransparency.code.tex 2020/01/08 v3.1.5b (3.1.5b)
)
(/usr/share/texlive/texmf-dist/tex/generic/pgf/basiclayer/pgfcorepatterns.code.
tex
File: pgfcorepatterns.code.tex 2020/01/08 v3.1.5b (3.1.5b)
)
(/usr/share/texlive/texmf-dist/tex/generic/pgf/basiclayer/pgfcorerdf.code.tex
File: pgfcorerdf.code.tex 2020/01/08 v3.1.5b (3.1.5b)
)))
(/usr/share/texlive/texmf-dist/tex/generic/pgf/modules/pgfmoduleshapes.code.tex
File: pgfmoduleshapes.code.tex 2020/01/08 v3.1.5b (3.1.5b)
\pgfnodeparttextbox=\box58
) (/usr/share/texlive/texmf-dist/tex/generic/pgf/modules/pgfmoduleplot.code.tex
File: pgfmoduleplot.code.tex 2020/01/08 v3.1.5b (3.1.5b)
)
(/usr/share/texlive/texmf-dist/tex/latex/pgf/compatibility/pgfcomp-version-0-65
.sty
Package: pgfcomp-version-0-65 2020/01/08 v3.1.5b (3.1.5b)
\pgf@nodesepstart=\dimen289
\pgf@nodesepend=\dimen290
)
(/usr/share/texlive/texmf-dist/tex/latex/pgf/compatibility/pgfcomp-version-1-18
.sty
Package: pgfcomp-version-1-18 2020/01/08 v3.1.5b (3.1.5b)
)) (/usr/share/texlive/texmf-dist/tex/latex/pgf/utilities/pgffor.sty
(/usr/share/texlive/texmf-dist/tex/latex/pgf/utilities/pgfkeys.sty
(/usr/share/texlive/texmf-dist/tex/generic/pgf/utilities/pgfkeys.code.tex))
(/usr/share/texlive/texmf-dist/tex/latex/pgf/math/pgfmath.sty
(/usr/share/texlive/texmf-dist/tex/generic/pgf/math/pgfmath.code.tex))
(/usr/share/texlive/texmf-dist/tex/generic/pgf/utilities/pgffor.code.tex
Package: pgffor 2020/01/08 v3.1.5b (3.1.5b)

(/usr/share/texlive/texmf-dist/tex/generic/pgf/math/pgfmath.code.tex)
\pgffor@iter=\dimen291
\pgffor@skip=\dimen292
\pgffor@stack=\toks34
\pgffor@toks=\toks35
))
(/usr/share/texlive/texmf-dist/tex/generic/pgf/frontendlayer/tikz/tikz.code.tex
Package: tikz 2020/01/08 v3.1.5b (3.1.5b)

(/usr/share/texlive/texmf-dist/tex/generic/pgf/libraries/pgflibraryplothandlers
.code.tex
File: pgflibraryplothandlers.code.tex 2020/01/08 v3.1.5b (3.1.5b)
\pgf@plot@mark@count=\count422
\pgfplotmarksize=\dimen293
)
\tikz@lastx=\dimen294
\tikz@lasty=\dimen295
\tikz@lastxsaved=\dimen296
\tikz@lastysaved=\dimen297
\tikz@lastmovetox=\dimen298
\tikz@lastmovetoy=\dimen299
\tikzleveldistance=\dimen300
\tikzsiblingdistance=\dimen301
\tikz@figbox=\box59
\tikz@figbox@bg=\box60
\tikz@tempbox=\box61
\tikz@tempbox@bg=\box62
\tikztreelevel=\count423
\tikznumberofchildren=\count424
\tikznumberofcurrentchild=\count425
\tikz@fig@count=\count426

(/usr/share/texlive/texmf-dist/tex/generic/pgf/modules/pgfmodulematrix.code.tex
File: pgfmodulematrix.code.tex 2020/01/08 v3.1.5b (3.1.5b)
\pgfmatrixcurrentrow=\count427
\pgfmatrixcurrentcolumn=\count428
\pgf@matrix@numberofcolumns=\count429
)
\tikz@expandcount=\count430

(/usr/share/texlive/texmf-dist/tex/generic/pgf/frontendlayer/tikz/libraries/tik
zlibrarytopaths.code.tex
File: tikzlibrarytopaths.code.tex 2020/01/08 v3.1.5b (3.1.5b)
)))
(/usr/share/texlive/texmf-dist/tex/generic/pgf/frontendlayer/tikz/libraries/tik
zlibrarypositioning.code.tex
File: tikzlibrarypositioning.code.tex 2020/01/08 v3.1.5b (3.1.5b)
)
(/usr/share/texlive/texmf-dist/tex/generic/pgf/frontendlayer/tikz/libraries/tik
zlibraryshadows.code.tex
File: tikzlibraryshadows.code.tex 2020/01/08 v3.1.5b (3.1.5b)

(/usr/share/texlive/texmf-dist/tex/generic/pgf/frontendlayer/tikz/libraries/tik
zlibraryfadings.code.tex
File: tikzlibraryfadings.code.tex 2020/01/08 v3.1.5b (3.1.5b)

(/usr/share/texlive/texmf-dist/tex/generic/pgf/libraries/pgflibraryfadings.code
.tex
File: pgflibraryfadings.code.tex 2020/01/08 v3.1.5b (3.1.5b)
))) (/usr/share/texlive/texmf-dist/tex/latex/tools/calc.sty
Package: calc 2017/05/25 v4.3 Infix arithmetic (KKT,FJ)
\calc@Acount=\count431
\calc@Bcount=\count432
\calc@Adimen=\dimen302
\calc@Bdimen=\dimen303
\calc@Askip=\skip80
\calc@Bskip=\skip81
LaTeX Info: Redefining \setlength on input line 80.
LaTeX Info: Redefining \addtolength on input line 81.
\calc@Ccount=\count433
\calc@Cskip=\skip82
)
\c@@todonotes@numberoftodonotes=\count434
)
(/usr/share/texlive/texmf-dist/tex/latex/sttools/flushend.sty
Package: flushend 2017/03/27 v3.3 Balancing columns in twocolumn mode
\flushend@@lastskip@a=\skip83
\flushend@@lastskip@b=\skip84
\flushend@@lastskip@c=\skip85
\flushend@@penalty@a=\count435
\flushend@@lastkern@a=\dimen304
\var@@temp@spread=\dimen305
\var@@temp@a=\dimen306
\flushend@@page@rule=\dimen307
\flushend@@varbox@a=\box63
\flushend@@varbox@c=\box64
\flushend@@tempbox@a=\box65
\flushend@@tempbox@c=\box66
\@viper=\box67
\hold@viper=\box68
\atColsBreak=\toks36
\atColsEnd=\toks37
)
(/usr/share/texlive/texmf-dist/tex/latex/multirow/multirow.sty
Package: multirow 2019/05/31 v2.5 Span multiple rows of a table
\multirow@colwidth=\skip86
\multirow@cntb=\count436
\multirow@dima=\skip87
\bigstrutjot=\dimen308
)
(/usr/share/texlive/texmf-dist/tex/latex/listings/listings.sty
\lst@mode=\count437
\lst@gtempboxa=\box69
\lst@token=\toks38
\lst@length=\count438
\lst@currlwidth=\dimen309
\lst@column=\count439
\lst@pos=\count440
\lst@lostspace=\dimen310
\lst@width=\dimen311
\lst@newlines=\count441
\lst@lineno=\count442
\lst@maxwidth=\dimen312

(/usr/share/texlive/texmf-dist/tex/latex/listings/lstmisc.sty
File: lstmisc.sty 2019/09/10 1.8c (Carsten Heinz)
\c@lstnumber=\count443
\lst@skipnumbers=\count444
\lst@framebox=\box70
)
(/usr/share/texlive/texmf-dist/tex/latex/listings/listings.cfg
File: listings.cfg 2019/09/10 1.8c listings configuration
))
Package: listings 2019/09/10 1.8c (Carsten Heinz)

(/usr/share/texlive/texmf-dist/tex/latex/enumitem/enumitem.sty
Package: enumitem 2019/06/20 v3.9 Customized lists
\labelindent=\skip88
\enit@outerparindent=\dimen313
\enit@toks=\toks39
\enit@inbox=\box71
\enit@count@id=\count445
\enitdp@description=\count446
)
\@quotelevel=\count447
\@quotereset=\count448

(/usr/share/texlive/texmf-dist/tex/latex/l3backend/l3backend-pdfmode.def
File: l3backend-pdfmode.def 2020-02-03 L3 backend support: PDF mode
\l__kernel_color_stack_int=\count449
\l__pdf_internal_box=\box72
)
(./asr_ieeetrans.aux)
\openout1 = `asr_ieeetrans.aux'.

LaTeX Font Info:    Checking defaults for OML/cmm/m/it on input line 34.
LaTeX Font Info:    ... okay on input line 34.
LaTeX Font Info:    Checking defaults for OMS/cmsy/m/n on input line 34.
LaTeX Font Info:    ... okay on input line 34.
LaTeX Font Info:    Checking defaults for OT1/cmr/m/n on input line 34.
LaTeX Font Info:    ... okay on input line 34.
LaTeX Font Info:    Checking defaults for T1/cmr/m/n on input line 34.
LaTeX Font Info:    ... okay on input line 34.
LaTeX Font Info:    Checking defaults for TS1/cmr/m/n on input line 34.
LaTeX Font Info:    ... okay on input line 34.
LaTeX Font Info:    Checking defaults for OMX/cmex/m/n on input line 34.
LaTeX Font Info:    ... okay on input line 34.
LaTeX Font Info:    Checking defaults for U/cmr/m/n on input line 34.
LaTeX Font Info:    ... okay on input line 34.
LaTeX Font Info:    Checking defaults for PD1/pdf/m/n on input line 34.
LaTeX Font Info:    ... okay on input line 34.

-- Lines per column: 58 (exact).
Package biblatex Info: Trying to load language 'english'...
Package biblatex Info: ... file 'english.lbx' found.
(/usr/share/texlive/texmf-dist/tex/latex/biblatex/lbx/english.lbx
File: english.lbx 2019/12/01 v3.14 biblatex localization (PK/MW)
)
Package biblatex Info: Input encoding 'utf8' detected.
Package biblatex Info: Automatic encoding selection.
(biblatex)             Assuming data encoding 'utf8'.
\openout3 = `asr_ieeetrans.bcf'.

Package biblatex Info: Trying to load bibliographic data...
Package biblatex Info: ... file 'asr_ieeetrans.bbl' found.

(./asr_ieeetrans.bbl)
Package biblatex Info: Reference section=0 on input line 34.
Package biblatex Info: Reference segment=0 on input line 34.

(/usr/share/texlive/texmf-dist/tex/context/base/mkii/supp-pdf.mkii
[Loading MPS to PDF converter (version 2006.09.02).]
\scratchcounter=\count450
\scratchdimen=\dimen314
\scratchbox=\box73
\nofMPsegments=\count451
\nofMParguments=\count452
\everyMPshowfont=\toks40
\MPscratchCnt=\count453
\MPscratchDim=\dimen315
\MPnumerator=\count454
\makeMPintoPDFobject=\count455
\everyMPtoPDFconversion=\toks41
) (/usr/share/texlive/texmf-dist/tex/latex/epstopdf-pkg/epstopdf-base.sty
Package: epstopdf-base 2020-01-24 v2.11 Base part for package epstopdf

(/usr/share/texlive/texmf-dist/tex/latex/grfext/grfext.sty
Package: grfext 2019/12/03 v1.3 Manage graphics extensions (HO)
)
Package epstopdf-base Info: Redefining graphics rule for `.eps' on input line 4
85.
Package grfext Info: Graphics extension search list:
(grfext)             [.pdf,.png,.jpg,.mps,.jpeg,.jbig2,.jb2,.PDF,.PNG,.JPG,.JPE
G,.JBIG2,.JB2,.eps]
(grfext)             \AppendGraphicsExtensions on input line 504.

(/usr/share/texlive/texmf-dist/tex/latex/latexconfig/epstopdf-sys.cfg
File: epstopdf-sys.cfg 2010/07/13 v1.3 Configuration of (r)epstopdf for TeX Liv
e
))
\AtBeginShipoutBox=\box74
Package hyperref Info: Link coloring OFF on input line 34.

(/usr/share/texlive/texmf-dist/tex/latex/hyperref/nameref.sty
Package: nameref 2019/09/16 v2.46 Cross-referencing by name of section

(/usr/share/texlive/texmf-dist/tex/latex/refcount/refcount.sty
Package: refcount 2019/12/15 v3.6 Data extraction from label references (HO)
)
(/usr/share/texlive/texmf-dist/tex/generic/gettitlestring/gettitlestring.sty
Package: gettitlestring 2019/12/15 v1.6 Cleanup title references (HO)
)
\c@section@level=\count456
)
LaTeX Info: Redefining \ref on input line 34.
LaTeX Info: Redefining \pageref on input line 34.
LaTeX Info: Redefining \nameref on input line 34.

(./asr_ieeetrans.out) (./asr_ieeetrans.out)
\@outlinefile=\write5
\openout5 = `asr_ieeetrans.out'.

Package caption Info: Begin \AtBeginDocument code.
Package caption Info: listings package is loaded.
Package caption Info: End \AtBeginDocument code.

ABD: EveryShipout initializing macros

Package todonotes Warning: The length marginparwidth is less than 2cm and will 
most likely cause issues with the appearance of inserted todonotes. The issue c
an be solved by adding a line like \setlength {\marginparwidth }{2cm} prior to 
loading the todonotes package. on input line 34.

\c@lstlisting=\count457

Underfull \hbox (badness 1831) in paragraph at lines 74--74
[]\OT1/ptm/m/n/8 Chris Harper (e-mail: chris.harper@brl.ac.uk), Saquib Alam (e-
mail:
 []


Underfull \hbox (badness 2334) in paragraph at lines 74--74
[]\OT1/ptm/m/n/8 Greg Chance (e-mail: greg.chance@bristol.ac.uk), Abanoub Gho-b
rial
 []

(../source/abstract.tex) (../source/body.tex
LaTeX Font Info:    Trying to load font information for U+msa on input line 8.

(/usr/share/texlive/texmf-dist/tex/latex/amsfonts/umsa.fd
File: umsa.fd 2013/01/14 v3.01 AMS symbols A
)
LaTeX Font Info:    Trying to load font information for U+msb on input line 8.

(/usr/share/texlive/texmf-dist/tex/latex/amsfonts/umsb.fd
File: umsb.fd 2013/01/14 v3.01 AMS symbols B
) [1{/var/lib/texmf/fonts/map/pdftex/updmap/pdftex.map}


] [2]

pdfTeX warning: pdflatex (file ../other/figures/SimulatorAssertionsTestBenchArc
hitectureV7.pdf): PDF inclusion: found PDF version <1.7>, but at most version <
1.5> allowed
<../other/figures/SimulatorAssertionsTestBenchArchitectureV7.pdf, id=276, 663.0
7722pt x 248.42813pt>
File: ../other/figures/SimulatorAssertionsTestBenchArchitectureV7.pdf Graphic f
ile (type pdf)
<use ../other/figures/SimulatorAssertionsTestBenchArchitectureV7.pdf>
Package pdftex.def Info: ../other/figures/SimulatorAssertionsTestBenchArchitect
ureV7.pdf  used on input line 66.
(pdftex.def)             Requested size: 246.95892pt x 92.52727pt.

Underfull \hbox (badness 1442) in paragraph at lines 74--76
\OT1/ptm/m/n/10 sce-nar-ios de-rived from the \OT1/ptm/m/it/10 Ex-per-i-ment Sp
ec-i-fi-ca-tion
 []

[3 <../other/figures/SimulatorAssertionsTestBenchArchitectureV7.pdf>]

pdfTeX warning: pdflatex (file ../other/figures/RuntimeAssertionsTestBenchArchi
tectureV6.pdf): PDF inclusion: found PDF version <1.7>, but at most version <1.
5> allowed
<../other/figures/RuntimeAssertionsTestBenchArchitectureV6.pdf, id=312, 663.077
22pt x 130.086pt>
File: ../other/figures/RuntimeAssertionsTestBenchArchitectureV6.pdf Graphic fil
e (type pdf)
<use ../other/figures/RuntimeAssertionsTestBenchArchitectureV6.pdf>
Package pdftex.def Info: ../other/figures/RuntimeAssertionsTestBenchArchitectur
eV6.pdf  used on input line 99.
(pdftex.def)             Requested size: 246.95892pt x 48.45062pt.

LaTeX Warning: `!h' float specifier changed to `!ht'.

[4 <../other/figures/RuntimeAssertionsTestBenchArchitectureV6.pdf>]
<../other/figures/DBMS_deployment.png, id=340, 1041.8925pt x 447.17062pt>
File: ../other/figures/DBMS_deployment.png Graphic file (type png)
<use ../other/figures/DBMS_deployment.png>
Package pdftex.def Info: ../other/figures/DBMS_deployment.png  used on input li
ne 114.
(pdftex.def)             Requested size: 512.1496pt x 219.8115pt.


LaTeX Warning: `!h' float specifier changed to `!ht'.

<../other/figures/Slide5b.jpg, id=344, 851.43094pt x 470.50781pt>
File: ../other/figures/Slide5b.jpg Graphic file (type jpg)
<use ../other/figures/Slide5b.jpg>
Package pdftex.def Info: ../other/figures/Slide5b.jpg  used on input line 129.
(pdftex.def)             Requested size: 241.84842pt x 133.64381pt.

LaTeX Warning: `!h' float specifier changed to `!ht'.

(/usr/share/texlive/texmf-dist/tex/latex/listings/lstlang1.sty
File: lstlang1.sty 2019/09/10 1.8c listings language file
)
LaTeX Font Info:    Trying to load font information for OT1+pcr on input line 1
45.

(/usr/share/texlive/texmf-dist/tex/latex/psnfss/ot1pcr.fd
File: ot1pcr.fd 2001/06/04 font definitions for OT1/pcr.
) [5]
<../other/figures/Assertion Categories Figure.png, id=367, 487.8225pt x 563.103
74pt>
File: ../other/figures/Assertion Categories Figure.png Graphic file (type png)
<use ../other/figures/Assertion Categories Figure.png>
Package pdftex.def Info: ../other/figures/Assertion Categories Figure.png  used
 on input line 169.
(pdftex.def)             Requested size: 246.95892pt x 285.074pt.
 [6 <../other/figures/DBMS_deployment.png> <../other/figures/Slide5b.jpg> <../o
ther/figures/Assertion Categories Figure.png>]
Underfull \hbox (badness 2662) in paragraph at lines 185--188
\OT1/ptm/m/n/10 steps pre-ced-ing the as-ser-tion ref-er-ence point. Pre-
 []


Underfull \hbox (badness 1838) in paragraph at lines 193--196
\OT1/ptm/m/n/10 steps fol-low-ing the as-ser-tion ref-er-ence point. Post-
 []

[7]

LaTeX Warning: Reference `discussion_of_results' on page 8 undefined on input l
ine 266.


Underfull \hbox (badness 10000) in paragraph at lines 272--275

 []


Underfull \hbox (badness 10000) in paragraph at lines 279--280

 []

[8]
Underfull \hbox (badness 4531) in paragraph at lines 288--290
\OT1/ptm/m/n/10 (ATM) mo-tor-ways, the as-ser-tion is an Ex-e-cu-tion
 []


Underfull \hbox (badness 10000) in paragraph at lines 288--290

 []

LaTeX Font Info:    Trying to load font information for TS1+pcr on input line 3
31.
(/usr/share/texlive/texmf-dist/tex/latex/psnfss/ts1pcr.fd
File: ts1pcr.fd 2001/06/04 font definitions for TS1/pcr.
) [9]
<../other/figures/Passing_t1_v2.png, id=457, 782.925pt x 542.025pt>
File: ../other/figures/Passing_t1_v2.png Graphic file (type png)
<use ../other/figures/Passing_t1_v2.png>
Package pdftex.def Info: ../other/figures/Passing_t1_v2.png  used on input line
 365.
(pdftex.def)             Requested size: 246.95892pt x 170.97035pt.

Underfull \hbox (badness 10000) in paragraph at lines 378--378
[][][][]\OT1/ptm/m/n/8 Refer to https://www.gov.uk/guidance/the-highway-code/ge
neral-rules-
 []


Underfull \vbox (badness 3907) has occurred while \output is active []

 [10 <../other/figures/Passing_t1_v2.png

pdfTeX warning: pdflatex (file ../other/figures/Passing_t1_v2.png): large inter
laced PNG might cause out of memory (use non-interlaced PNG to fix this)
>]
<../other/figures/ERD2.png, id=485, 723.70375pt x 472.76625pt>
File: ../other/figures/ERD2.png Graphic file (type png)
<use ../other/figures/ERD2.png>
Package pdftex.def Info: ../other/figures/ERD2.png  used on input line 412.
(pdftex.def)             Requested size: 241.84842pt x 157.98993pt.

Underfull \hbox (badness 2401) in paragraph at lines 413--413
\OT1/ptm/m/n/10 database, for car-di-nal-ity see crow's foot no-ta-tion (See
 []


Underfull \vbox (badness 10000) has occurred while \output is active []

 [11 <../other/figures/ERD2.png>]
<../other/figures/carla_challenge_NHTSA_task6_LHS.jpg, id=514, 963.6pt x 542.02
5pt>
File: ../other/figures/carla_challenge_NHTSA_task6_LHS.jpg Graphic file (type j
pg)
<use ../other/figures/carla_challenge_NHTSA_task6_LHS.jpg>
Package pdftex.def Info: ../other/figures/carla_challenge_NHTSA_task6_LHS.jpg  
used on input line 473.
(pdftex.def)             Requested size: 241.84842pt x 136.03523pt.
 [12 <../other/figures/carla_challenge_NHTSA_task6_LHS.jpg>]
<../other/figures/Lanelets_anno_av.png, id=543, 1019.81pt x 521.95pt>
File: ../other/figures/Lanelets_anno_av.png Graphic file (type png)
<use ../other/figures/Lanelets_anno_av.png>
Package pdftex.def Info: ../other/figures/Lanelets_anno_av.png  used on input l
ine 490.
(pdftex.def)             Requested size: 241.84842pt x 123.78122pt.

Underfull \vbox (badness 10000) has occurred while \output is active []

 [13 <../other/figures/Lanelets_anno_av.png>]

LaTeX Warning: `h' float specifier changed to `ht'.

[14] [15]

LaTeX Warning: No positions in optional float specifier.
               Default added (so using `tbp') on input line 731.

<../other/figures/SDA_annotated.png, id=623, 796.47563pt x 624.08156pt>
File: ../other/figures/SDA_annotated.png Graphic file (type png)
<use ../other/figures/SDA_annotated.png>
Package pdftex.def Info: ../other/figures/SDA_annotated.png  used on input line
 755.
(pdftex.def)             Requested size: 241.84842pt x 189.50183pt.
[16] [17 <../other/figures/SDA_annotated.png>])
Underfull \hbox (badness 2035) in paragraph at lines 99--99
[]\OT1/ptm/m/n/10 European New Car As-sess-ment Pro-gramme. \OT1/ptm/m/it/10 Eu
ro
 []

[18] [19]
<../other/mugs/chris.jpg, id=674, 82.80937pt x 96.86188pt>
File: ../other/mugs/chris.jpg Graphic file (type jpg)
<use ../other/mugs/chris.jpg>
Package pdftex.def Info: ../other/mugs/chris.jpg  used on input line 103.
(pdftex.def)             Requested size: 72.27353pt x 84.53812pt.
File: ../other/mugs/chris.jpg Graphic file (type jpg)
<use ../other/mugs/chris.jpg>
Package pdftex.def Info: ../other/mugs/chris.jpg  used on input line 103.
(pdftex.def)             Requested size: 72.27353pt x 84.53812pt.
<../other/mugs/greg.png, id=677, 238.8925pt x 301.125pt>
File: ../other/mugs/greg.png Graphic file (type png)
<use ../other/mugs/greg.png>
Package pdftex.def Info: ../other/mugs/greg.png  used on input line 107.
(pdftex.def)             Requested size: 71.66829pt x 90.33818pt.
File: ../other/mugs/greg.png Graphic file (type png)
<use ../other/mugs/greg.png>
Package pdftex.def Info: ../other/mugs/greg.png  used on input line 107.
(pdftex.def)             Requested size: 71.66829pt x 90.33818pt.
<../other/mugs/abanoub.jpg, id=680, 337.7418pt x 385.44pt>
File: ../other/mugs/abanoub.jpg Graphic file (type jpg)
<use ../other/mugs/abanoub.jpg>
Package pdftex.def Info: ../other/mugs/abanoub.jpg  used on input line 111.
(pdftex.def)             Requested size: 72.26778pt x 82.47392pt.
File: ../other/mugs/abanoub.jpg Graphic file (type jpg)
<use ../other/mugs/abanoub.jpg>
Package pdftex.def Info: ../other/mugs/abanoub.jpg  used on input line 111.
(pdftex.def)             Requested size: 72.26778pt x 82.47392pt.
<../other/mugs/saquib.jpeg, id=683, 75.6426pt x 98.0463pt>
File: ../other/mugs/saquib.jpeg Graphic file (type jpg)
<use ../other/mugs/saquib.jpeg>
Package pdftex.def Info: ../other/mugs/saquib.jpeg  used on input line 115.
(pdftex.def)             Requested size: 69.69936pt x 90.34279pt.
File: ../other/mugs/saquib.jpeg Graphic file (type jpg)
<use ../other/mugs/saquib.jpeg>
Package pdftex.def Info: ../other/mugs/saquib.jpeg  used on input line 115.
(pdftex.def)             Requested size: 69.69936pt x 90.34279pt.
<../other/mugs/tony.jpg, id=686, 162.96886pt x 220.06215pt>
File: ../other/mugs/tony.jpg Graphic file (type jpg)
<use ../other/mugs/tony.jpg>
Package pdftex.def Info: ../other/mugs/tony.jpg  used on input line 119.
(pdftex.def)             Requested size: 66.9022pt x 90.34023pt.
File: ../other/mugs/tony.jpg Graphic file (type jpg)
<use ../other/mugs/tony.jpg>
Package pdftex.def Info: ../other/mugs/tony.jpg  used on input line 119.
(pdftex.def)             Requested size: 66.9022pt x 90.34023pt.
LaTeX Font Info:    Trying to load font information for TS1+ptm on input line 1
20.
 (/usr/share/texlive/texmf-dist/tex/latex/psnfss/ts1ptm.fd
File: ts1ptm.fd 2001/06/04 font definitions for TS1/ptm.
)
<../other/mugs/kie.png, id=689, 710.655pt x 920.43875pt>
File: ../other/mugs/kie.png Graphic file (type png)
<use ../other/mugs/kie.png>
Package pdftex.def Info: ../other/mugs/kie.png  used on input line 123.
(pdftex.def)             Requested size: 69.74672pt x 90.3358pt.
File: ../other/mugs/kie.png Graphic file (type png)
<use ../other/mugs/kie.png>
Package pdftex.def Info: ../other/mugs/kie.png  used on input line 123.
(pdftex.def)             Requested size: 69.74672pt x 90.3358pt.

(../source/appendix.tex [20 <../other/mugs/chris.jpg> <../other/mugs/greg.png> 
<../other/mugs/abanoub.jpg> <../other/mugs/saquib.jpeg> <../other/mugs/tony.jpg
> <../other/mugs/kie.png>]
<../other/figures/Overtaking_Manoeuvre_Analysis_global_view_v2.png, id=706, 213
3.8922pt x 1517.67pt>
File: ../other/figures/Overtaking_Manoeuvre_Analysis_global_view_v2.png Graphic
 file (type png)
<use ../other/figures/Overtaking_Manoeuvre_Analysis_global_view_v2.png>
Package pdftex.def Info: ../other/figures/Overtaking_Manoeuvre_Analysis_global_
view_v2.png  used on input line 10.
(pdftex.def)             Requested size: 512.1496pt x 364.24825pt.
) [21 <../other/figures/Overtaking_Manoeuvre_Analysis_global_view_v2.png

pdfTeX warning: pdflatex (file ../other/figures/Overtaking_Manoeuvre_Analysis_g
lobal_view_v2.png): large interlaced PNG might cause out of memory (use non-int
erlaced PNG to fix this)
>]
Package atveryend Info: Empty hook `BeforeClearDocument' on input line 135.
Package atveryend Info: Empty hook `AfterLastShipout' on input line 135.
 (./asr_ieeetrans.aux)
Package atveryend Info: Executing hook `AtVeryEndDocument' on input line 135.
Package atveryend Info: Executing hook `AtEndAfterFileList' on input line 135.
Package rerunfilecheck Info: File `asr_ieeetrans.out' has not changed.
(rerunfilecheck)             Checksum: CAB6C1ADE7C999DD098E76DC05E556A8;3257.


LaTeX Warning: There were undefined references.

Package logreq Info: Writing requests to 'asr_ieeetrans.run.xml'.
\openout1 = `asr_ieeetrans.run.xml'.

 ) 
Here is how much of TeX's memory you used:
 29221 strings out of 483183
 546398 string characters out of 5966292
 1204227 words of memory out of 5000000
 43497 multiletter control sequences out of 15000+600000
 576386 words of font info for 106 fonts, out of 8000000 for 9000
 17 hyphenation exceptions out of 8191
 68i,11n,83p,2138b,1689s stack positions out of 5000i,500n,10000p,200000b,80000s
{/usr/share/texlive/texmf-dist/fonts/enc/dvips/base/8r.enc}</usr/share/texliv
e/texmf-dist/fonts/type1/public/amsfonts/cm/cmex10.pfb></usr/share/texlive/texm
f-dist/fonts/type1/public/amsfonts/cm/cmmi10.pfb></usr/share/texlive/texmf-dist
/fonts/type1/public/amsfonts/cm/cmmi6.pfb></usr/share/texlive/texmf-dist/fonts/
type1/public/amsfonts/cm/cmmi7.pfb></usr/share/texlive/texmf-dist/fonts/type1/p
ublic/amsfonts/cm/cmmi8.pfb></usr/share/texlive/texmf-dist/fonts/type1/public/a
msfonts/cm/cmr10.pfb></usr/share/texlive/texmf-dist/fonts/type1/public/amsfonts
/cm/cmr7.pfb></usr/share/texlive/texmf-dist/fonts/type1/public/amsfonts/cm/cmsy
10.pfb></usr/share/texlive/texmf-dist/fonts/type1/public/amsfonts/cm/cmsy7.pfb>
</usr/share/texlive/texmf-dist/fonts/type1/public/amsfonts/cm/cmsy8.pfb></usr/s
hare/texlive/texmf-dist/fonts/type1/urw/courier/ucrb8a.pfb></usr/share/texlive/
texmf-dist/fonts/type1/urw/courier/ucrr8a.pfb></usr/share/texlive/texmf-dist/fo
nts/type1/urw/times/utmb8a.pfb></usr/share/texlive/texmf-dist/fonts/type1/urw/t
imes/utmbi8a.pfb></usr/share/texlive/texmf-dist/fonts/type1/urw/times/utmr8a.pf
b></usr/share/texlive/texmf-dist/fonts/type1/urw/times/utmri8a.pfb>
Output written on asr_ieeetrans.pdf (21 pages, 4348361 bytes).
PDF statistics:
 809 PDF objects out of 1000 (max. 8388607)
 706 compressed objects within 8 object streams
 206 named destinations out of 1000 (max. 500000)
 602 words of extra memory for PDF output out of 10000 (max. 10000000)

